<?xml version="1.0" encoding="UTF-8"?>
<testng-results ignored="0" total="1" passed="1" failed="0" skipped="0">
  <reporter-output>
  </reporter-output>
  <suite started-at="2025-08-10T22:28:53 IST" name="Default suite" finished-at="2025-08-10T22:28:53 IST" duration-ms="152">
    <groups>
    </groups>
    <test started-at="2025-08-10T22:28:53 IST" name="Default test" finished-at="2025-08-10T22:28:53 IST" duration-ms="152">
      <class name="com.cal.test.CalculatorIT">
        <test-method is-config="true" signature="setUp()[pri:0, instance:com.cal.test.CalculatorIT@30ee2816]" started-at="2025-08-10T22:28:53 IST" name="setUp" finished-at="2025-08-10T22:28:53 IST" duration-ms="19" status="PASS">
          <reporter-output>
          </reporter-output>
        </test-method> <!-- setUp -->
        <test-method signature="endToEnd_writeResultsToFile()[pri:0, instance:com.cal.test.CalculatorIT@30ee2816]" started-at="2025-08-10T22:28:53 IST" name="endToEnd_writeResultsToFile" finished-at="2025-08-10T22:28:53 IST" duration-ms="60" status="PASS">
          <reporter-output>
          </reporter-output>
        </test-method> <!-- endToEnd_writeResultsToFile -->
      </class> <!-- com.cal.test.CalculatorIT -->
    </test> <!-- Default test -->
  </suite> <!-- Default suite -->
</testng-results>
